Wed Jun  2 14:31:48 2021 [15776][-none-][FATAL] SugarBean::populateDefaultValues $field_defs should be an array
Wed Jun  2 14:32:07 2021 [15776][-none-][FATAL] User update error: Temp User is not retrieved at ID 1, boolean given
Wed Jun  2 14:32:07 2021 [15776][-none-][FATAL] Email address save error
Wed Jun  2 14:32:15 2021 [15776][1][FATAL] SugarBean::populateDefaultValues $field_defs should be an array
Wed Jun  2 14:32:16 2021 [15776][1][FATAL] SugarBean::populateDefaultValues $field_defs should be an array
Wed Jun  2 14:32:18 2021 [15776][1][FATAL] SugarBean::populateDefaultValues $field_defs should be an array
Wed Jun  2 14:32:22 2021 [15776][1][FATAL] SugarBean::populateDefaultValues $field_defs should be an array
Fri Jun  4 10:18:56 2021 [7780][1][FATAL] SugarBean::populateDefaultValues $field_defs should be an array
Fri Jun  4 11:15:26 2021 [7780][1][FATAL] Exception handling in C:\xampp\htdocs\SuiteCRM-7.11.19\include\MVC\Controller\SugarController.php:409
Fri Jun  4 11:15:26 2021 [7780][1][FATAL] Exception in Controller: There is no action by that name: mymoduleController
Fri Jun  4 15:15:25 2021 [7780][-none-][FATAL] SECURITY: User authentication for admin failed
Fri Jun  4 15:15:26 2021 [7780][-none-][FATAL] FAILED LOGIN:attempts[1], ip[::1], username[admin]
Fri Jun  4 15:16:41 2021 [7780][1][FATAL] Exception handling in C:\xampp\htdocs\SuiteCRM-7.11.19\include\MVC\Controller\SugarController.php:409
Fri Jun  4 15:16:41 2021 [7780][1][FATAL] Exception in Controller: There is no action by that name: hello
Fri Jun  4 15:18:03 2021 [7780][1][FATAL] SugarBean::populateDefaultValues $field_defs should be an array
Fri Jun  4 15:18:17 2021 [7780][1][FATAL] SugarBean::populateDefaultValues $field_defs should be an array
Fri Jun  4 15:18:23 2021 [7780][1][FATAL] SugarBean::populateDefaultValues $field_defs should be an array
Fri Jun  4 15:18:25 2021 [7780][1][FATAL] SugarBean::populateDefaultValues $field_defs should be an array
Fri Jun  4 15:19:06 2021 [7780][1][FATAL] Exception handling in C:\xampp\htdocs\SuiteCRM-7.11.19\include\MVC\Controller\SugarController.php:409
Fri Jun  4 15:19:06 2021 [7780][1][FATAL] Exception in Controller: There is no action by that name: hello
Fri Jun  4 15:21:31 2021 [7780][1][FATAL] Exception handling in C:\xampp\htdocs\SuiteCRM-7.11.19\include\MVC\Controller\SugarController.php:409
Fri Jun  4 15:21:31 2021 [7780][1][FATAL] Exception in Controller: There is no action by that name: hello
Fri Jun  4 15:21:32 2021 [7780][1][FATAL] Exception handling in C:\xampp\htdocs\SuiteCRM-7.11.19\include\MVC\Controller\SugarController.php:409
Fri Jun  4 15:21:32 2021 [7780][1][FATAL] Exception in Controller: There is no action by that name: hello
Fri Jun  4 15:21:32 2021 [7780][1][FATAL] Exception handling in C:\xampp\htdocs\SuiteCRM-7.11.19\include\MVC\Controller\SugarController.php:409
Fri Jun  4 15:21:32 2021 [7780][1][FATAL] Exception in Controller: There is no action by that name: hello
Fri Jun  4 15:21:33 2021 [7780][1][FATAL] Exception handling in C:\xampp\htdocs\SuiteCRM-7.11.19\include\MVC\Controller\SugarController.php:409
Fri Jun  4 15:21:33 2021 [7780][1][FATAL] Exception in Controller: There is no action by that name: hello
Fri Jun  4 15:22:57 2021 [7780][1][FATAL] Exception handling in C:\xampp\htdocs\SuiteCRM-7.11.19\include\MVC\Controller\SugarController.php:409
Fri Jun  4 15:22:57 2021 [7780][1][FATAL] Exception in Controller: There is no action by that name: hello
Fri Jun  4 15:22:57 2021 [7780][1][FATAL] Exception handling in C:\xampp\htdocs\SuiteCRM-7.11.19\include\MVC\Controller\SugarController.php:409
Fri Jun  4 15:22:57 2021 [7780][1][FATAL] Exception in Controller: There is no action by that name: hello
Fri Jun  4 15:22:59 2021 [7780][1][FATAL] Exception handling in C:\xampp\htdocs\SuiteCRM-7.11.19\include\MVC\Controller\SugarController.php:409
Fri Jun  4 15:22:59 2021 [7780][1][FATAL] Exception in Controller: There is no action by that name: hello
